This file contains any messages produced by compilers while
running configure, to aid debugging if configure makes a mistake.

It was created by configure, which was
generated by GNU Autoconf 2.61.  Invocation command line was

  $ ./configure 

## --------- ##
## Platform. ##
## --------- ##

hostname = user-laptop
uname -m = i686
uname -r = 2.6.32-57-generic
uname -s = Linux
uname -v = #119-Ubuntu SMP Wed Feb 19 01:04:55 UTC 2014

/usr/bin/uname -p = unknown
/bin/uname -X     = unknown

/bin/arch              = unknown
/usr/bin/arch -k       = unknown
/usr/convex/getsysinfo = unknown
/usr/bin/hostinfo      = unknown
/bin/machine           = unknown
/usr/bin/oslevel       = unknown
/bin/universe          = unknown

PATH: /usr/local/sbin
PATH: /usr/local/bin
PATH: /usr/sbin
PATH: /usr/bin
PATH: /sbin
PATH: /bin
PATH: /usr/X11R6/bin


## ----------- ##
## Core tests. ##
## ----------- ##

configure:1719: checking build system type
configure:1737: result: i686-pc-linux-gnu
configure:1759: checking host system type
configure:1774: result: i686-pc-linux-gnu
configure:1911: checking for uname
configure:1929: found /bin/uname
configure:1941: result: /bin/uname
configure:2514: checking for gcc
configure:2530: found /usr/bin/gcc
configure:2541: result: gcc
configure:2779: checking for C compiler version
configure:2786: gcc --version >&5
gcc (Ubuntu 4.4.3-4ubuntu5.1) 4.4.3
Copyright (C) 2009 Free Software Foundation, Inc.
This is free software; see the source for copying conditions.  There is NO
warranty; not even for MERCHANTABILITY or FITNESS FOR A PARTICULAR PURPOSE.

configure:2789: $? = 0
configure:2796: gcc -v >&5
Using built-in specs.
Target: i486-linux-gnu
Configured with: ../src/configure -v --with-pkgversion='Ubuntu 4.4.3-4ubuntu5.1' --with-bugurl=file:///usr/share/doc/gcc-4.4/README.Bugs --enable-languages=c,c++,fortran,objc,obj-c++ --prefix=/usr --enable-shared --enable-multiarch --enable-linker-build-id --with-system-zlib --libexecdir=/usr/lib --without-included-gettext --enable-threads=posix --with-gxx-include-dir=/usr/include/c++/4.4 --program-suffix=-4.4 --enable-nls --enable-clocale=gnu --enable-libstdcxx-debug --enable-plugin --enable-objc-gc --enable-targets=all --disable-werror --with-arch-32=i486 --with-tune=generic --enable-checking=release --build=i486-linux-gnu --host=i486-linux-gnu --target=i486-linux-gnu
Thread model: posix
gcc version 4.4.3 (Ubuntu 4.4.3-4ubuntu5.1) 
configure:2799: $? = 0
configure:2806: gcc -V >&5
gcc: '-V' option must have argument
configure:2809: $? = 1
configure:2832: checking for C compiler default output file name
configure:2859: gcc    conftest.c  >&5
configure:2862: $? = 0
configure:2900: result: a.out
configure:2917: checking whether the C compiler works
configure:2927: ./a.out
configure:2930: $? = 0
configure:2947: result: yes
configure:2954: checking whether we are cross compiling
configure:2956: result: no
configure:2959: checking for suffix of executables
configure:2966: gcc -o conftest    conftest.c  >&5
configure:2969: $? = 0
configure:2993: result: 
configure:2999: checking for suffix of object files
configure:3025: gcc -c   conftest.c >&5
configure:3028: $? = 0
configure:3051: result: o
configure:3055: checking whether we are using the GNU C compiler
configure:3084: gcc -c   conftest.c >&5
configure:3090: $? = 0
configure:3107: result: yes
configure:3112: checking whether gcc accepts -g
configure:3142: gcc -c -g  conftest.c >&5
configure:3148: $? = 0
configure:3247: result: yes
configure:3264: checking for gcc option to accept ISO C89
configure:3338: gcc  -c -g -O2  conftest.c >&5
configure:3344: $? = 0
configure:3367: result: none needed
configure:3390: checking how to run the C preprocessor
configure:3430: gcc -E  conftest.c
configure:3436: $? = 0
configure:3467: gcc -E  conftest.c
conftest.c:9:28: error: ac_nonexistent.h: No such file or directory
configure:3473: $? = 1
configure: failed program was:
| /* confdefs.h.  */
| #define PACKAGE_NAME ""
| #define PACKAGE_TARNAME ""
| #define PACKAGE_VERSION ""
| #define PACKAGE_STRING ""
| #define PACKAGE_BUGREPORT ""
| #define _GNU_SOURCE 1
| /* end confdefs.h.  */
| #include <ac_nonexistent.h>
configure:3506: result: gcc -E
configure:3535: gcc -E  conftest.c
configure:3541: $? = 0
configure:3572: gcc -E  conftest.c
conftest.c:9:28: error: ac_nonexistent.h: No such file or directory
configure:3578: $? = 1
configure: failed program was:
| /* confdefs.h.  */
| #define PACKAGE_NAME ""
| #define PACKAGE_TARNAME ""
| #define PACKAGE_VERSION ""
| #define PACKAGE_STRING ""
| #define PACKAGE_BUGREPORT ""
| #define _GNU_SOURCE 1
| /* end confdefs.h.  */
| #include <ac_nonexistent.h>
configure:3628: checking for a BSD-compatible install
configure:3684: result: /usr/bin/install -c
configure:3695: checking for GNU make
configure:3714: result: make
configure:3727: checking for basename
configure:3745: found /usr/bin/basename
configure:3758: result: /usr/bin/basename
configure:3808: checking for ZT_TONE_DTMF_BASE in zaptel/zaptel.h
configure:3837: gcc -c -g -O2   conftest.c >&5
conftest.c:9:27: error: zaptel/zaptel.h: No such file or directory
conftest.c: In function 'main':
conftest.c:13: error: 'ZT_TONE_DTMF_BASE' undeclared (first use in this function)
conftest.c:13: error: (Each undeclared identifier is reported only once
conftest.c:13: error: for each function it appears in.)
configure:3843: $? = 1
configure: failed program was:
|  /* confdefs.h.  */
| #define PACKAGE_NAME ""
| #define PACKAGE_TARNAME ""
| #define PACKAGE_VERSION ""
| #define PACKAGE_STRING ""
| #define PACKAGE_BUGREPORT ""
| #define _GNU_SOURCE 1
| /* end confdefs.h.  */
| #include <zaptel/zaptel.h>
| int
| main ()
| {
| int foo = ZT_TONE_DTMF_BASE;
|   ;
|   return 0;
| }
configure:3866: result: no
configure:3878: checking for ZT_DIAL_OP_CANCEL in zaptel.h
configure:3907: gcc -c -g -O2  conftest.c >&5
conftest.c:10:20: error: zaptel.h: No such file or directory
conftest.c: In function 'main':
conftest.c:14: error: 'ZT_DIAL_OP_CANCEL' undeclared (first use in this function)
conftest.c:14: error: (Each undeclared identifier is reported only once
conftest.c:14: error: for each function it appears in.)
configure:3913: $? = 1
configure: failed program was:
| 
| 	/* confdefs.h.  */
| #define PACKAGE_NAME ""
| #define PACKAGE_TARNAME ""
| #define PACKAGE_VERSION ""
| #define PACKAGE_STRING ""
| #define PACKAGE_BUGREPORT ""
| #define _GNU_SOURCE 1
| /* end confdefs.h.  */
| #include <zaptel.h>
| int
| main ()
| {
| int foo = ZT_DIAL_OP_CANCEL;
|   ;
|   return 0;
| }
| 
configure:3926: result: no
configure:3952: checking for mandatory modules: 
configure:3974: result: ok
configure:4108: creating ./config.status

## ---------------------- ##
## Running config.status. ##
## ---------------------- ##

This file was extended by config.status, which was
generated by GNU Autoconf 2.61.  Invocation command line was

  CONFIG_FILES    = 
  CONFIG_HEADERS  = 
  CONFIG_LINKS    = 
  CONFIG_COMMANDS = 
  $ ./config.status 

on user-laptop

config.status:604: creating makeopts
configure:5046: Package configured for: 
configure:5048: OS type  : linux-gnu
configure:5050: Host CPU : i686

## ---------------- ##
## Cache variables. ##
## ---------------- ##

ac_cv_build=i686-pc-linux-gnu
ac_cv_c_compiler_gnu=yes
ac_cv_env_CC_set=
ac_cv_env_CC_value=
ac_cv_env_CFLAGS_set=
ac_cv_env_CFLAGS_value=
ac_cv_env_CPPFLAGS_set=
ac_cv_env_CPPFLAGS_value=
ac_cv_env_CPP_set=
ac_cv_env_CPP_value=
ac_cv_env_LDFLAGS_set=
ac_cv_env_LDFLAGS_value=
ac_cv_env_LIBS_set=
ac_cv_env_LIBS_value=
ac_cv_env_build_alias_set=
ac_cv_env_build_alias_value=
ac_cv_env_host_alias_set=
ac_cv_env_host_alias_value=
ac_cv_env_target_alias_set=
ac_cv_env_target_alias_value=
ac_cv_host=i686-pc-linux-gnu
ac_cv_objext=o
ac_cv_path_BASENAME=/usr/bin/basename
ac_cv_path_ac_pt_UNAME=/bin/uname
ac_cv_path_install='/usr/bin/install -c'
ac_cv_prog_CPP='gcc -E'
ac_cv_prog_ac_ct_CC=gcc
ac_cv_prog_cc_c89=
ac_cv_prog_cc_g=yes
ac_cv_zaptel_h=no

## ----------------- ##
## Output variables. ##
## ----------------- ##

AR=''
BASENAME='/usr/bin/basename'
BUILD_CPU='i686'
BUILD_OS='linux-gnu'
BUILD_PLATFORM='i686-pc-linux-gnu'
BUILD_VENDOR='pc'
CC='gcc'
CFLAGS='-g -O2'
CPP='gcc -E'
CPPFLAGS=''
CXX=''
DEFS='-DPACKAGE_NAME=\"\" -DPACKAGE_TARNAME=\"\" -DPACKAGE_VERSION=\"\" -DPACKAGE_STRING=\"\" -DPACKAGE_BUGREPORT=\"\" -D_GNU_SOURCE=1'
ECHO_C=''
ECHO_N='-n'
ECHO_T=''
EXEEXT=''
GNU_MAKE='make'
HOST_CPU='i686'
HOST_OS='linux-gnu'
HOST_PLATFORM='i686-pc-linux-gnu'
HOST_VENDOR='pc'
INSTALL_DATA='${INSTALL} -m 644'
INSTALL_PROGRAM='${INSTALL}'
INSTALL_SCRIPT='${INSTALL}'
LD=''
LDFLAGS=''
LIBOBJS=''
LIBS=''
LTLIBOBJS=''
OBJEXT='o'
OSARCH='linux-gnu'
PACKAGE_BUGREPORT=''
PACKAGE_NAME=''
PACKAGE_STRING=''
PACKAGE_TARNAME=''
PACKAGE_VERSION=''
PATH_SEPARATOR=':'
PBX_OSREV='2.6.32-57-generic'
PBX_ZAPTEL='0'
RANLIB=''
SHELL='/bin/bash'
UNAME='/bin/uname'
ZAPTEL_INCLUDE=''
ZAPTEL_LIB=''
ac_ct_CC='gcc'
bindir='${exec_prefix}/bin'
build='i686-pc-linux-gnu'
build_alias=''
build_cpu='i686'
build_os='linux-gnu'
build_vendor='pc'
datadir='${datarootdir}'
datarootdir='${prefix}/share'
docdir='${datarootdir}/doc/${PACKAGE}'
dvidir='${docdir}'
exec_prefix='${prefix}'
host='i686-pc-linux-gnu'
host_alias=''
host_cpu='i686'
host_os='linux-gnu'
host_vendor='pc'
htmldir='${docdir}'
includedir='${prefix}/include'
infodir='${datarootdir}/info'
libdir='${exec_prefix}/lib'
libexecdir='${exec_prefix}/libexec'
localedir='${datarootdir}/locale'
localstatedir='/var'
mandir='${datarootdir}/man'
oldincludedir='/usr/include'
pdfdir='${docdir}'
prefix='/usr'
program_transform_name='s,x,x,'
psdir='${docdir}'
sbindir='${exec_prefix}/sbin'
sharedstatedir='${prefix}/com'
sysconfdir='/etc'
target_alias=''

## ----------- ##
## confdefs.h. ##
## ----------- ##

#define PACKAGE_NAME ""
#define PACKAGE_TARNAME ""
#define PACKAGE_VERSION ""
#define PACKAGE_STRING ""
#define PACKAGE_BUGREPORT ""
#define _GNU_SOURCE 1

configure: exit 0
